E:\ROBOSOCCER\CODEOSOCCER\SIMUROSOT\RELEASE\STRATEGY.PCH
E:\ROBOSOCCER\CODEOSOCCER\SIMUROSOT\RELEASE\STDAFX.OBJ
E:\ROBOSOCCER\CODEOSOCCER\SIMUROSOT\RELEASE\VC110.PDB
E:\ROBOSOCCER\CODEOSOCCER\SIMUROSOT\RELEASE\LOCALAVOIDANCE.OBJ
E:\ROBOSOCCER\CODEOSOCCER\SIMUROSOT\RELEASE\KALMAN.OBJ
E:\ROBOSOCCER\CODEOSOCCER\SIMUROSOT\RELEASE\COMDEF.OBJ
E:\ROBOSOCCER\CODEOSOCCER\SIMUROSOT\RELEASE\STRATEGY.OBJ
E:\ROBOSOCCER\CODEOSOCCER\SIMUROSOT\RELEASE\SERVER.OBJ
E:\ROBOSOCCER\CODEOSOCCER\SIMUROSOT\RELEASE\MAIN.OBJ
E:\ROBOSOCCER\CODEOSOCCER\SIMUROSOT\RELEASE\COMM.OBJ
E:\ROBOSOCCER\CODEOSOCCER\SIMUROSOT\RELEASE\THREAD.OBJ
E:\ROBOSOCCER\CODEOSOCCER\SIMUROSOT\RELEASE\CLIENT.OBJ
E:\ROBOSOCCER\CODEOSOCCER\SIMUROSOT\RELEASE\INTERSECTION.OBJ
E:\ROBOSOCCER\CODEOSOCCER\SIMUROSOT\RELEASE\SKILLS.OBJ
E:\ROBOSOCCER\CODEOSOCCER\SIMUROSOT\RELEASE\CONFIG.OBJ
E:\ROBOSOCCER\CODEOSOCCER\SIMUROSOT\RELEASE\BELIEFSTATE.OBJ
E:\ROBOSOCCER\CODEOSOCCER\SIMUROSOT\RELEASE\STRATEGY.DLL
E:\ROBOSOCCER\CODEOSOCCER\SIMUROSOT\RELEASE\STRATEGY.RES
E:\RoboSoccer\codeosoccer\SimuroSot\Release\Strategy.lib
E:\RoboSoccer\codeosoccer\SimuroSot\Release\Strategy.exp
E:\RoboSoccer\codeosoccer\SimuroSot\Release\beliefState.obj
E:\RoboSoccer\codeosoccer\SimuroSot\Release\Client.obj
E:\RoboSoccer\codeosoccer\SimuroSot\Release\comdef.obj
E:\RoboSoccer\codeosoccer\SimuroSot\Release\comm.obj
E:\RoboSoccer\codeosoccer\SimuroSot\Release\config.obj
E:\RoboSoccer\codeosoccer\SimuroSot\Release\intersection.obj
E:\RoboSoccer\codeosoccer\SimuroSot\Release\kalman.obj
E:\RoboSoccer\codeosoccer\SimuroSot\Release\LocalAvoidance.obj
E:\RoboSoccer\codeosoccer\SimuroSot\Release\main.obj
E:\RoboSoccer\codeosoccer\SimuroSot\Release\Server.obj
E:\RoboSoccer\codeosoccer\SimuroSot\Release\skills.obj
E:\RoboSoccer\codeosoccer\SimuroSot\Release\StdAfx.obj
E:\RoboSoccer\codeosoccer\SimuroSot\Release\Strategy.obj
E:\RoboSoccer\codeosoccer\SimuroSot\Release\thread.obj
E:\RoboSoccer\codeosoccer\SimuroSot\Release\cl.command.1.tlog
E:\RoboSoccer\codeosoccer\SimuroSot\Release\CL.read.1.tlog
E:\RoboSoccer\codeosoccer\SimuroSot\Release\CL.write.1.tlog
E:\RoboSoccer\codeosoccer\SimuroSot\Release\link-cvtres.read.1.tlog
E:\RoboSoccer\codeosoccer\SimuroSot\Release\link-cvtres.write.1.tlog
E:\RoboSoccer\codeosoccer\SimuroSot\Release\link-rc.read.1.tlog
E:\RoboSoccer\codeosoccer\SimuroSot\Release\link-rc.write.1.tlog
E:\RoboSoccer\codeosoccer\SimuroSot\Release\link.command.1.tlog
E:\RoboSoccer\codeosoccer\SimuroSot\Release\link.read.1.tlog
E:\RoboSoccer\codeosoccer\SimuroSot\Release\link.write.1.tlog
E:\RoboSoccer\codeosoccer\SimuroSot\Release\rc.command.1.tlog
E:\RoboSoccer\codeosoccer\SimuroSot\Release\rc.read.1.tlog
E:\RoboSoccer\codeosoccer\SimuroSot\Release\rc.write.1.tlog
E:\RoboSoccer\codeosoccer\SimuroSot\Release\Strategy.write.1.tlog
E:\RoboSoccer\codeosoccer\SimuroSot\Release\Strategy.res
E:\RoboSoccer\codeosoccer\SimuroSot\Release\Strategy.pch
E:\RoboSoccer\codeosoccer\SimuroSot\Release\vc110.pdb
E:\RoboSoccer\codeosoccer\SimuroSot\.\Release\Strategy.dll
